Ansys Lumerical 2024 R2.3 FDTD Solver Version 8.32.3941 (Windows 64bit)
 expires (month/day/year): 6/29/2026
using config file: Ansys Licensing set with ANSYSLMD_LICENSE_FILE
license host: 27001@gurten.csem.local
current time: Tue Aug 12 11:48:35 2025
Running on host: CSEM-W1236
host available memory (GB): 2.268504
All processes are communicating and ready to proceed to simulation...
Running fsp file: C:\Program Files\Lumerical\v242\bin\fdtd-engine-msmpi.exe -t 1 -remote -hide -shared-solve-license QU5TWVNfTElDRU5TSU5HX0NPTlRFWFRfREFUQT08QU5TWVNfTElDRU5TSU5HX0NPTlRFWFRfREFUQT48SUQ+YmRiZGJmZjYtODg1ZS00YWNhLTliMWEtOTZkOWJhZWE1MTI4PC9JRD48VFlQRT5BUFBfREVGSU5FRDwvVFlQRT48TkFNRT5sdW1fc3RhbmRhcmRfc29sdmVfc2hhcmU8L05BTUU+PEhBTkRMRVI+NTEyOTBAQ1NFTS1XMTIzNjwvSEFORExFUj48L0FOU1lTX0xJQ0VOU0lOR19DT05URVhUX0RBVEE+Cg== C:/ansys/structure_angle_sweep/angle_sweep_5.fsp
Estimate of memory required: 7.83993e+07 bytes
number of processors is 4
processors are distributed as: 1x4x1
Peak memory used by end of initialization: 90989 kB
Running 2D Simulation
Starting meshing
Simulation size in gridpoints: 32 x 108 x 1
Refined 0 mesh cells (0.000000%)
Completed meshing!
Meshing complete in 0.000000 seconds of CPU time
Starting meshing
Simulation size in gridpoints: 32 x 108 x 1
Refined 0 mesh cells (0.000000%)
Completed meshing!
Meshing complete in 0.000000 seconds of CPU time
finished material properties
Selected kernel with optimization level: 2 and split-field propagation direction: 0
Starting meshing
Simulation size in gridpoints: 32 x 108 x 1
Refined 0 mesh cells (0.000000%)
Completed meshing!
Meshing complete in 0.000000 seconds of CPU time
Selected kernel with optimization level: 2 and split-field propagation direction: 0
-----------------------------------------
Beginning initialization of 2D FDTD Simulation
  Including TE Simulation
Starting to add sources to simulation

Adding Gaussian source propagating in Y
Starting to add boundary conditions to simulation
Adding Bloch BC
Adding Bloch BC
Adding PML BC
Adding parallel BC
Starting to add monitors to Simulation
Adding analysis monitor
Adding frequency monitor
Adding frequency monitor
Adding frequency monitor
Finished initialization of 2D Simulation
-----------------------------------------
Peak memory used by end of meshing: 93493 kB
All processes are communicating and ready to proceed to simulation...
Starting 12848 total iterations
0.373611% complete. Elapsed simulation time: 3.73611e-15 secs. Max time remaining: 24 secs. Auto Shutoff: 1
1.86805% complete. Elapsed simulation time: 1.86805e-14 secs. Max time remaining: 23 secs. Auto Shutoff: 1
3.86065% complete. Elapsed simulation time: 3.86065e-14 secs. Max time remaining: 23 secs. Auto Shutoff: 0.951562
7.84583% complete. Elapsed simulation time: 7.84583e-14 secs. Max time remaining: 17 secs. Auto Shutoff: 1.03561
15.8162% complete. Elapsed simulation time: 1.58162e-13 secs. Max time remaining: 12 secs. Auto Shutoff: 0.919741
31.7569% complete. Elapsed simulation time: 3.17569e-13 secs. Max time remaining: 10 secs. Auto Shutoff: 0.883391
39.7273% complete. Elapsed simulation time: 3.97273e-13 secs. Max time remaining: 9 secs. Auto Shutoff: 0.864611
47.6977% complete. Elapsed simulation time: 4.76977e-13 secs. Max time remaining: 7 secs. Auto Shutoff: 0.845086
63.6384% complete. Elapsed simulation time: 6.36384e-13 secs. Max time remaining: 5 secs. Auto Shutoff: 0.811234
79.5791% complete. Elapsed simulation time: 7.95791e-13 secs. Max time remaining: 3 secs. Auto Shutoff: 0.780779
95.5198% complete. Elapsed simulation time: 9.55198e-13 secs. Max time remaining: 1 secs. Auto Shutoff: 0.749603
100% complete. Elapsed simulation time: 1.00003e-12 secs. Max time remaining: 0 secs. Auto Shutoff: 0.754322
Completed 12848 iterations, or 1.000032e-12s of Simulation Time
Peak memory used running the simulation: 93513 kB
Process 0 starting to collect data
    collecting TM monitor data
    collecting TE monitor data
    collecting TM source data
    collecting TE source data
Finished collecting data
Simulation completed successfully at: Tue Aug 12 11:48:48 2025
Peak memory used in the simulation (kB): 93513.000000
Overall wall time measurements in seconds: 14.601708
  time to mesh and initialize: 0.157896
  time to run FDTD simulation: 13.021880
  time to checkpoint simulation: 0.000000
  time to finalize data and save to files: 0.037947
  miscellaneous time: 1.383935
  FDTD solver speed on process 0 (Mnodes/s): 3.409852
  total FDTD solver speed on 4 processes (Mnodes/s): 13.639410

