Ansys Lumerical 2024 R2.3 FDTD Solver Version 8.32.3941 (Windows 64bit)
 expires (month/day/year): 6/29/2026
using config file: Ansys Licensing set with ANSYSLMD_LICENSE_FILE
license host: 27001@gurten.csem.local
current time: Thu Aug 21 10:01:11 2025
Running on host: CSEM-W1236
host available memory (GB): 2.887074
All processes are communicating and ready to proceed to simulation...
Running fsp file: C:\Program Files\Lumerical\v242\bin\fdtd-engine-msmpi.exe -t 1 -remote -hide -shared-solve-license QU5TWVNfTElDRU5TSU5HX0NPTlRFWFRfREFUQT08QU5TWVNfTElDRU5TSU5HX0NPTlRFWFRfREFUQT48SUQ+NmZiODVmMGMtN2ExNi00NTY4LWJiNTktOTY1ZDY0NGQ3YWYxPC9JRD48VFlQRT5BUFBfREVGSU5FRDwvVFlQRT48TkFNRT5sdW1fc3RhbmRhcmRfc29sdmVfc2hhcmU8L05BTUU+PEhBTkRMRVI+NjU1MTFAQ1NFTS1XMTIzNjwvSEFORExFUj48L0FOU1lTX0xJQ0VOU0lOR19DT05URVhUX0RBVEE+Cg== C:/ansys/structure_angle_sweep/angle_sweep_12.fsp
Estimate of memory required: 7.84519e+07 bytes
number of processors is 4
processors are distributed as: 1x4x1
Peak memory used by end of initialization: 89245 kB
Running 2D Simulation
Starting meshing
Simulation size in gridpoints: 53 x 68 x 1
Refined 0 mesh cells (0.000000%)
Completed meshing!
Meshing complete in 0.000000 seconds of CPU time
Starting meshing
Simulation size in gridpoints: 53 x 68 x 1
Refined 0 mesh cells (0.000000%)
Completed meshing!
Meshing complete in 0.000000 seconds of CPU time
finished material properties
Selected kernel with optimization level: 2 and split-field propagation direction: 0
Starting meshing
Simulation size in gridpoints: 53 x 68 x 1
Refined 0 mesh cells (0.000000%)
Completed meshing!
Meshing complete in 0.000000 seconds of CPU time
Selected kernel with optimization level: 2 and split-field propagation direction: 0
-----------------------------------------
Beginning initialization of 2D FDTD Simulation
  Including TE Simulation
Starting to add sources to simulation

Adding Gaussian source propagating in Y
Starting to add boundary conditions to simulation
Adding Bloch BC
Adding Bloch BC
Adding PML BC
Adding parallel BC
Starting to add monitors to Simulation
Adding analysis monitor
Adding frequency monitor
Adding frequency monitor
Adding frequency monitor
Finished initialization of 2D Simulation
-----------------------------------------
Peak memory used by end of meshing: 91757 kB
All processes are communicating and ready to proceed to simulation...
Starting 14586 total iterations
0.329087% complete. Elapsed simulation time: 3.29087e-15 secs. Max time remaining: 7 secs. Auto Shutoff: 1
1.64543% complete. Elapsed simulation time: 1.64543e-14 secs. Max time remaining: 5 secs. Auto Shutoff: 1
3.40056% complete. Elapsed simulation time: 3.40056e-14 secs. Max time remaining: 5 secs. Auto Shutoff: 0.995472
6.91082% complete. Elapsed simulation time: 6.91082e-14 secs. Max time remaining: 8 secs. Auto Shutoff: 0.115492
13.9313% complete. Elapsed simulation time: 1.39313e-13 secs. Max time remaining: 7 secs. Auto Shutoff: 0.0772943
27.9724% complete. Elapsed simulation time: 2.79724e-13 secs. Max time remaining: 6 secs. Auto Shutoff: 0.0565231
42.0134% complete. Elapsed simulation time: 4.20134e-13 secs. Max time remaining: 4 secs. Auto Shutoff: 0.0469042
70.0955% complete. Elapsed simulation time: 7.00955e-13 secs. Max time remaining: 2 secs. Auto Shutoff: 0.0303452
98.1776% complete. Elapsed simulation time: 9.81776e-13 secs. Max time remaining: 0 secs. Auto Shutoff: 0.0219258
100% complete. Elapsed simulation time: 1.00001e-12 secs. Max time remaining: 0 secs. Auto Shutoff: 0.0217728
Completed 14586 iterations, or 1.000012e-12s of Simulation Time
Peak memory used running the simulation: 91773 kB
Process 0 starting to collect data
    collecting TM monitor data
    collecting TE monitor data
    collecting TM source data
    collecting TE source data
Finished collecting data
Simulation completed successfully at: Thu Aug 21 10:01:18 2025
Peak memory used in the simulation (kB): 91773.000000
Overall wall time measurements in seconds: 7.962543
  time to mesh and initialize: 0.052324
  time to run FDTD simulation: 6.911501
  time to checkpoint simulation: 0.000000
  time to finalize data and save to files: 0.030308
  miscellaneous time: 0.968374
  FDTD solver speed on process 0 (Mnodes/s): 7.605865
  total FDTD solver speed on 4 processes (Mnodes/s): 30.423460

